mode: atomic
github.com/naren-m/panchangam/gateway/errors.go:31.149,34.21 2 1
github.com/naren-m/panchangam/gateway/errors.go:34.21,36.3 1 0
github.com/naren-m/panchangam/gateway/errors.go:39.2,49.60 5 1
github.com/naren-m/panchangam/gateway/errors.go:49.60,54.3 3 0
github.com/naren-m/panchangam/gateway/errors.go:57.2,65.3 1 1
github.com/naren-m/panchangam/gateway/errors.go:69.75,72.9 2 16
github.com/naren-m/panchangam/gateway/errors.go:72.9,83.3 1 1
github.com/naren-m/panchangam/gateway/errors.go:86.2,97.3 2 15
github.com/naren-m/panchangam/gateway/errors.go:101.88,104.18 2 15
github.com/naren-m/panchangam/gateway/errors.go:105.16,106.73 1 0
github.com/naren-m/panchangam/gateway/errors.go:108.29,113.101 2 3
github.com/naren-m/panchangam/gateway/errors.go:115.22,120.100 2 2
github.com/naren-m/panchangam/gateway/errors.go:122.27,127.88 2 1
github.com/naren-m/panchangam/gateway/errors.go:129.30,134.77 2 1
github.com/naren-m/panchangam/gateway/errors.go:136.29,141.96 2 1
github.com/naren-m/panchangam/gateway/errors.go:143.31,149.106 2 1
github.com/naren-m/panchangam/gateway/errors.go:151.32,156.102 2 0
github.com/naren-m/panchangam/gateway/errors.go:158.24,163.107 2 0
github.com/naren-m/panchangam/gateway/errors.go:165.27,170.102 2 0
github.com/naren-m/panchangam/gateway/errors.go:172.22,177.104 2 2
github.com/naren-m/panchangam/gateway/errors.go:179.25,185.109 2 2
github.com/naren-m/panchangam/gateway/errors.go:187.22,192.84 2 0
github.com/naren-m/panchangam/gateway/errors.go:194.30,199.84 2 2
github.com/naren-m/panchangam/gateway/errors.go:201.22,206.90 2 0
github.com/naren-m/panchangam/gateway/errors.go:208.10,213.113 2 0
github.com/naren-m/panchangam/gateway/errors.go:218.55,219.9 1 8
github.com/naren-m/panchangam/gateway/errors.go:220.38,221.55 1 2
github.com/naren-m/panchangam/gateway/errors.go:222.39,223.58 1 1
github.com/naren-m/panchangam/gateway/errors.go:224.34,225.45 1 2
github.com/naren-m/panchangam/gateway/errors.go:226.38,227.39 1 1
github.com/naren-m/panchangam/gateway/errors.go:228.10,229.18 1 2
github.com/naren-m/panchangam/gateway/errors.go:234.40,239.2 1 29
github.com/naren-m/panchangam/gateway/errors.go:241.50,244.45 3 27
github.com/naren-m/panchangam/gateway/errors.go:244.45,245.37 1 186
github.com/naren-m/panchangam/gateway/errors.go:245.37,247.4 1 10
github.com/naren-m/panchangam/gateway/errors.go:249.2,249.14 1 17
github.com/naren-m/panchangam/gateway/errors.go:252.31,254.30 2 54
github.com/naren-m/panchangam/gateway/errors.go:254.30,255.33 1 653
github.com/naren-m/panchangam/gateway/errors.go:255.33,257.4 1 17
github.com/naren-m/panchangam/gateway/errors.go:257.9,259.4 1 636
github.com/naren-m/panchangam/gateway/errors.go:261.2,261.23 1 54
github.com/naren-m/panchangam/gateway/server.go:28.69,33.2 1 1
github.com/naren-m/panchangam/gateway/server.go:36.58,42.16 2 0
github.com/naren-m/panchangam/gateway/server.go:42.16,44.3 1 0
github.com/naren-m/panchangam/gateway/server.go:45.2,107.81 11 0
github.com/naren-m/panchangam/gateway/server.go:107.81,109.3 1 0
github.com/naren-m/panchangam/gateway/server.go:111.2,111.12 1 0
github.com/naren-m/panchangam/gateway/server.go:115.57,116.21 1 0
github.com/naren-m/panchangam/gateway/server.go:116.21,118.3 1 0
github.com/naren-m/panchangam/gateway/server.go:120.2,121.31 2 0
github.com/naren-m/panchangam/gateway/server.go:125.88,126.54 1 10
github.com/naren-m/panchangam/gateway/server.go:126.54,128.33 1 10
github.com/naren-m/panchangam/gateway/server.go:128.33,131.4 2 0
github.com/naren-m/panchangam/gateway/server.go:134.3,138.17 3 10
github.com/naren-m/panchangam/gateway/server.go:138.17,141.4 2 1
github.com/naren-m/panchangam/gateway/server.go:143.3,144.19 2 9
github.com/naren-m/panchangam/gateway/server.go:144.19,147.4 2 1
github.com/naren-m/panchangam/gateway/server.go:149.3,150.19 2 8
github.com/naren-m/panchangam/gateway/server.go:150.19,153.4 2 1
github.com/naren-m/panchangam/gateway/server.go:156.3,157.17 2 7
github.com/naren-m/panchangam/gateway/server.go:157.17,164.4 2 1
github.com/naren-m/panchangam/gateway/server.go:167.3,168.17 2 6
github.com/naren-m/panchangam/gateway/server.go:168.17,175.4 2 1
github.com/naren-m/panchangam/gateway/server.go:178.3,179.21 2 5
github.com/naren-m/panchangam/gateway/server.go:179.21,181.4 1 4
github.com/naren-m/panchangam/gateway/server.go:183.3,186.19 4 5
github.com/naren-m/panchangam/gateway/server.go:186.19,188.4 1 5
github.com/naren-m/panchangam/gateway/server.go:191.3,207.17 5 5
github.com/naren-m/panchangam/gateway/server.go:207.17,210.4 2 4
github.com/naren-m/panchangam/gateway/server.go:213.3,217.72 3 1
github.com/naren-m/panchangam/gateway/server.go:217.72,221.4 3 0
github.com/naren-m/panchangam/gateway/server.go:226.131,228.21 2 6
github.com/naren-m/panchangam/gateway/server.go:228.21,230.3 1 6
github.com/naren-m/panchangam/gateway/server.go:232.2,247.61 5 6
github.com/naren-m/panchangam/gateway/server.go:247.61,249.3 1 0
github.com/naren-m/panchangam/gateway/server.go:253.73,255.21 2 5
github.com/naren-m/panchangam/gateway/server.go:255.21,257.3 1 4
github.com/naren-m/panchangam/gateway/server.go:259.2,265.60 5 5
github.com/naren-m/panchangam/gateway/server.go:265.60,267.3 1 0
github.com/naren-m/panchangam/gateway/server.go:271.56,272.71 1 1
github.com/naren-m/panchangam/gateway/server.go:272.71,277.22 3 1
github.com/naren-m/panchangam/gateway/server.go:277.22,279.4 1 0
github.com/naren-m/panchangam/gateway/server.go:282.3,304.4 6 1
github.com/naren-m/panchangam/gateway/server.go:309.53,310.71 1 1
github.com/naren-m/panchangam/gateway/server.go:310.71,311.37 1 1
github.com/naren-m/panchangam/gateway/server.go:311.37,321.4 4 1
github.com/naren-m/panchangam/gateway/server.go:322.3,322.23 1 0
github.com/naren-m/panchangam/gateway/server.go:332.49,335.2 2 1
github.com/naren-m/panchangam/gateway/server.go:338.33,340.2 1 12
